<?xml version="1.0" encoding="UTF-8"?>
<testng-results skipped="0" failed="0" ignored="0" total="1" passed="1">
  <reporter-output>
  </reporter-output>
  <suite name="Default suite" duration-ms="46933" started-at="2018-07-02T22:49:45Z" finished-at="2018-07-02T22:50:32Z">
    <groups>
    </groups>
    <test name="Default test" duration-ms="46933" started-at="2018-07-02T22:49:45Z" finished-at="2018-07-02T22:50:32Z">
      <class name="testPackage.TestClass">
        <test-method status="PASS" signature="testInit()[pri:0, instance:testPackage.TestClass@464bee09]" name="testInit" is-config="true" duration-ms="1445" started-at="2018-07-02T22:49:45Z" finished-at="2018-07-02T22:49:46Z">
          <reporter-output>
          </reporter-output>
        </test-method> <!-- testInit -->
        <test-method status="PASS" signature="setUpTest(java.lang.reflect.Method)[pri:0, instance:testPackage.TestClass@464bee09]" name="setUpTest" is-config="true" duration-ms="40464" started-at="2018-07-02T22:49:46Z" finished-at="2018-07-02T22:50:27Z">
          <params>
            <param index="0">
              <value>
                <![CDATA[public void testPackage.TestClass.ShareSkill()]]>
              </value>
            </param>
          </params>
          <reporter-output>
          </reporter-output>
        </test-method> <!-- setUpTest -->
        <test-method status="PASS" signature="ShareSkill()[pri:0, instance:testPackage.TestClass@464bee09]" name="ShareSkill" duration-ms="3006" started-at="2018-07-02T22:50:27Z" description="Test to click on the ShareSkill" finished-at="2018-07-02T22:50:30Z">
          <reporter-output>
          </reporter-output>
        </test-method> <!-- ShareSkill -->
        <test-method status="PASS" signature="tearDownTest(org.testng.ITestResult)[pri:0, instance:testPackage.TestClass@464bee09]" name="tearDownTest" is-config="true" duration-ms="984" started-at="2018-07-02T22:50:30Z" finished-at="2018-07-02T22:50:31Z">
          <params>
            <param index="0">
              <value>
                <![CDATA[[TestResult name=ShareSkill status=SUCCESS method=TestClass.ShareSkill()[pri:0, instance:testPackage.TestClass@464bee09] output={null}]]]>
              </value>
            </param>
          </params>
          <reporter-output>
          </reporter-output>
        </test-method> <!-- tearDownTest -->
        <test-method status="PASS" signature="clearUp()[pri:0, instance:testPackage.TestClass@464bee09]" name="clearUp" is-config="true" duration-ms="927" started-at="2018-07-02T22:50:31Z" finished-at="2018-07-02T22:50:32Z">
          <reporter-output>
          </reporter-output>
        </test-method> <!-- clearUp -->
      </class> <!-- testPackage.TestClass -->
    </test> <!-- Default test -->
  </suite> <!-- Default suite -->
</testng-results>
